<?xml version="1.0" encoding="UTF-8"?>
<testng-results skipped="0" failed="0" total="1" passed="1">
  <reporter-output>
  </reporter-output>
  <suite name="Default suite" duration-ms="55654" started-at="2020-12-25T10:13:01Z" finished-at="2020-12-25T10:13:57Z">
    <groups>
    </groups>
    <test name="Default test" duration-ms="55654" started-at="2020-12-25T10:13:01Z" finished-at="2020-12-25T10:13:57Z">
      <class name="scripts.InvalidLoginTest">
        <test-method status="PASS" signature="invalidloginScenario()[pri:0, instance:scripts.InvalidLoginTest@19bb089b]" name="invalidloginScenario" duration-ms="55639" started-at="2020-12-25T15:43:01Z" finished-at="2020-12-25T15:43:57Z">
          <reporter-output>
          </reporter-output>
        </test-method> <!-- invalidloginScenario -->
      </class> <!-- scripts.InvalidLoginTest -->
    </test> <!-- Default test -->
  </suite> <!-- Default suite -->
</testng-results>
