<?xml version="1.0" encoding="UTF-8"?>
<testng-results skipped="0" failed="0" total="1" passed="1">
  <reporter-output>
  </reporter-output>
  <suite name="Default suite" duration-ms="91800" started-at="2021-01-05T13:34:16Z" finished-at="2021-01-05T13:35:48Z">
    <groups>
    </groups>
    <test name="Default test" duration-ms="91800" started-at="2021-01-05T13:34:16Z" finished-at="2021-01-05T13:35:48Z">
      <class name="scripts.Logout">
        <test-method status="PASS" signature="signout()[pri:0, instance:scripts.Logout@7bb58ca3]" name="signout" duration-ms="91784" started-at="2021-01-05T19:04:16Z" finished-at="2021-01-05T19:05:48Z">
          <reporter-output>
          </reporter-output>
        </test-method> <!-- signout -->
      </class> <!-- scripts.Logout -->
    </test> <!-- Default test -->
  </suite> <!-- Default suite -->
</testng-results>
