<?xml version="1.0" encoding="UTF-8"?>
<testng-results skipped="0" failed="0" total="1" passed="1">
  <reporter-output>
  </reporter-output>
  <suite name="Default suite" duration-ms="28852" started-at="2020-12-26T11:10:37Z" finished-at="2020-12-26T11:11:06Z">
    <groups>
    </groups>
    <test name="Default test" duration-ms="28852" started-at="2020-12-26T11:10:37Z" finished-at="2020-12-26T11:11:06Z">
      <class name="scripts.ServicesTest">
        <test-method status="PASS" signature="service()[pri:0, instance:scripts.ServicesTest@19bb089b]" name="service" duration-ms="28825" started-at="2020-12-26T16:40:37Z" finished-at="2020-12-26T16:41:06Z">
          <reporter-output>
          </reporter-output>
        </test-method> <!-- service -->
      </class> <!-- scripts.ServicesTest -->
    </test> <!-- Default test -->
  </suite> <!-- Default suite -->
</testng-results>
