<?xml version="1.0" encoding="UTF-8"?>
<testng-results skipped="0" failed="0" total="1" passed="1">
  <reporter-output>
  </reporter-output>
  <suite name="Default suite" duration-ms="46455" started-at="2020-12-25T07:41:12Z" finished-at="2020-12-25T07:41:58Z">
    <groups>
    </groups>
    <test name="Default test" duration-ms="46455" started-at="2020-12-25T07:41:12Z" finished-at="2020-12-25T07:41:58Z">
      <class name="scripts.LoginTest">
        <test-method status="PASS" signature="loginPageValidScenario()[pri:0, instance:scripts.LoginTest@19bb089b]" name="loginPageValidScenario" duration-ms="46442" started-at="2020-12-25T13:11:12Z" finished-at="2020-12-25T13:11:58Z">
          <reporter-output>
          </reporter-output>
        </test-method> <!-- loginPageValidScenario -->
      </class> <!-- scripts.LoginTest -->
    </test> <!-- Default test -->
  </suite> <!-- Default suite -->
</testng-results>
